<?xml version="1.0" encoding="UTF-8"?>
<!-- Generated by org.testng.reporters.JUnitReportReporter -->
<testsuite hostname="DESKTOP-CCPG5IB" failures="0" tests="1" name="demo.Simplejavacode" time="11.065" errors="0" timestamp="2024-03-12T15:25:33 IST" skipped="0">
  <testcase classname="demo.Simplejavacode" name="main" time="11.065"/>
  <system-out/>
</testsuite> <!-- demo.Simplejavacode -->
